
Showing logs for build [32mnuxeo-jxlabs-nos-jxl-base-image-7brzh-2[0m stage [32mfrom-build-pack[0m and container [32mstep-credential-initializer-2zs2k[0m
{"level":"info","ts":1590278178.4347155,"logger":"fallback-logger","caller":"logging/config.go:69","msg":"Fetch GitHub commit ID from kodata failed: open /var/run/ko/refs/heads/0.8.0-ns-support: no such file or directory"}
{"level":"info","ts":1590278178.4353218,"logger":"fallback-logger","caller":"creds-init/main.go:40","msg":"Credentials initialized."}

Showing logs for build [32mnuxeo-jxlabs-nos-jxl-base-image-7brzh-2[0m stage [32mfrom-build-pack[0m and container [32mstep-working-dir-initializer-k8k8h[0m
{"level":"info","ts":1590278179.0867574,"logger":"fallback-logger","caller":"logging/config.go:69","msg":"Fetch GitHub commit ID from kodata failed: open /var/run/ko/HEAD: no such file or directory"}
{"level":"info","ts":1590278179.0884452,"logger":"fallback-logger","caller":"bash/main.go:64","msg":"Successfully executed command \"sh -c mkdir -p /workspace/source\"; output "}

Showing logs for build [32mnuxeo-jxlabs-nos-jxl-base-image-7brzh-2[0m stage [32mfrom-build-pack[0m and container [32mstep-place-tools[0m

Showing logs for build [32mnuxeo-jxlabs-nos-jxl-base-image-7brzh-2[0m stage [32mfrom-build-pack[0m and container [32mstep-git-source-nuxeo-jxlabs-nos-jxl-base-image-7brzh-h5mbg[0m
{"level":"info","ts":1590278185.3774357,"logger":"fallback-logger","caller":"logging/config.go:69","msg":"Fetch GitHub commit ID from kodata failed: open /var/run/ko/refs/heads/0.8.0-ns-support: no such file or directory"}
{"level":"info","ts":1590278185.694667,"logger":"fallback-logger","caller":"git/git.go:103","msg":"Successfully cloned https://github.com/nuxeo/**labs-nos-**l-base-image.git @ v0.1.47-**labs-nos in path /workspace/source"}

Showing logs for build [32mnuxeo-jxlabs-nos-jxl-base-image-7brzh-2[0m stage [32mfrom-build-pack[0m and container [32mstep-git-merge[0m
Using SHAs from PULL_REFS=master:80bbdad4693b31bfbf67f7b510503d9f53752a4d
WARNING: no SHAs to merge, falling back to initial cloned commit

Showing logs for build [32mnuxeo-jxlabs-nos-jxl-base-image-7brzh-2[0m stage [32mfrom-build-pack[0m and container [32mstep-setup-jx-git-credentials[0m
Generated Git credentials file /workspace/xdg_config/git/credentials

Showing logs for build [32mnuxeo-jxlabs-nos-jxl-base-image-7brzh-2[0m stage [32mfrom-build-pack[0m and container [32mstep-build-container-build[0m
E0523 23:56:28.827499      11 aws_credentials.go:77] while getting AWS credentials NoCredentialProviders: no valid providers in chain. Deprecated.
	For verbose messaging see aws.Config.CredentialsChainVerboseErrors
E0523 23:56:28.843250      11 metadata.go:154] while reading 'google-dockercfg' metadata: http status code: 404 while fetching url http://metadata.google.internal./computeMetadata/v1/instance/attributes/google-dockercfg
E0523 23:56:28.847504      11 metadata.go:166] while reading 'google-dockercfg-url' metadata: http status code: 404 while fetching url http://metadata.google.internal./computeMetadata/v1/instance/attributes/google-dockercfg-url
error checking push permissions -- make sure you entered the correct tag name, and that you are authenticated correctly, and try again: checking push permission for "gcr.io/build-**-prod/**labs-nos-master/build-**-prod/**labs-nos-**l-base-image:0.1.47-**labs-nos": creating push check transport for gcr.io failed: GET https://gcr.io/v2/token?scope=repository%3Abuild-**-prod%2F**labs-nos-master%2Fbuild-**-prod%2F**labs-nos-**l-base-image%3Apush%2Cpull&service=gcr.io: DENIED: Token exchange failed for project 'build-**-prod'. Caller does not have permission 'storage.buckets.get'. To configure permissions, follow instructions at: https://cloud.google.com/container-registry/docs/access-control
[31m
Pipeline failed on stage 'from-build-pack' : container 'step-build-container-build'. The execution of the pipeline has stopped.[0m
