
Showing logs for build [32mnuxeo-jxlabs-nos-jxl-base-image-kglwp-3[0m stage [32mfrom-build-pack[0m and container [32mstep-credential-initializer-czz98[0m
{"level":"info","ts":1589889087.80076,"logger":"fallback-logger","caller":"logging/config.go:69","msg":"Fetch GitHub commit ID from kodata failed: open /var/run/ko/refs/heads/0.8.0-ns-support: no such file or directory"}
{"level":"info","ts":1589889087.8045642,"logger":"fallback-logger","caller":"creds-init/main.go:40","msg":"Credentials initialized."}

Showing logs for build [32mnuxeo-jxlabs-nos-jxl-base-image-kglwp-3[0m stage [32mfrom-build-pack[0m and container [32mstep-working-dir-initializer-8m646[0m
{"level":"info","ts":1589889090.0491657,"logger":"fallback-logger","caller":"logging/config.go:69","msg":"Fetch GitHub commit ID from kodata failed: open /var/run/ko/HEAD: no such file or directory"}
{"level":"info","ts":1589889090.0510077,"logger":"fallback-logger","caller":"bash/main.go:64","msg":"Successfully executed command \"sh -c mkdir -p /workspace/source\"; output "}

Showing logs for build [32mnuxeo-jxlabs-nos-jxl-base-image-kglwp-3[0m stage [32mfrom-build-pack[0m and container [32mstep-place-tools[0m

Showing logs for build [32mnuxeo-jxlabs-nos-jxl-base-image-kglwp-3[0m stage [32mfrom-build-pack[0m and container [32mstep-git-source-nuxeo-jxlabs-nos-jxl-base-image-kglwp-jpgxf[0m
{"level":"info","ts":1589889096.6536,"logger":"fallback-logger","caller":"logging/config.go:69","msg":"Fetch GitHub commit ID from kodata failed: open /var/run/ko/refs/heads/0.8.0-ns-support: no such file or directory"}
{"level":"info","ts":1589889097.0395179,"logger":"fallback-logger","caller":"git/git.go:103","msg":"Successfully cloned https://github.com/nuxeo/**labs-nos-**l-base-image.git @ v0.1.45-**labs-nos in path /workspace/source"}

Showing logs for build [32mnuxeo-jxlabs-nos-jxl-base-image-kglwp-3[0m stage [32mfrom-build-pack[0m and container [32mstep-git-merge[0m
Using SHAs from PULL_REFS=master:80bbdad4693b31bfbf67f7b510503d9f53752a4d
WARNING: no SHAs to merge, falling back to initial cloned commit

Showing logs for build [32mnuxeo-jxlabs-nos-jxl-base-image-kglwp-3[0m stage [32mfrom-build-pack[0m and container [32mstep-setup-jx-git-credentials[0m
Generated Git credentials file /workspace/xdg_config/git/credentials

Showing logs for build [32mnuxeo-jxlabs-nos-jxl-base-image-kglwp-3[0m stage [32mfrom-build-pack[0m and container [32mstep-build-container-build[0m
E0519 11:51:41.066365      11 aws_credentials.go:77] while getting AWS credentials NoCredentialProviders: no valid providers in chain. Deprecated.
	For verbose messaging see aws.Config.CredentialsChainVerboseErrors
[36mINFO[0m[0001] Retrieving image manifest centos:7           
E0519 11:51:41.437218      11 metadata.go:154] while reading 'google-dockercfg' metadata: http status code: 404 while fetching url http://metadata.google.internal./computeMetadata/v1/instance/attributes/google-dockercfg
E0519 11:51:41.443119      11 metadata.go:166] while reading 'google-dockercfg-url' metadata: http status code: 404 while fetching url http://metadata.google.internal./computeMetadata/v1/instance/attributes/google-dockercfg-url
[36mINFO[0m[0001] Retrieving image manifest centos:7           
[36mINFO[0m[0001] Retrieving image manifest golang:1.12.17     
[36mINFO[0m[0002] Retrieving image manifest golang:1.12.17     
[36mINFO[0m[0002] Retrieving image manifest centos:7           
[36mINFO[0m[0002] Retrieving image manifest centos:7           
[36mINFO[0m[0002] Built cross stage deps: map[0:[/usr/local/git /usr/bin/make /out /usr/local/gcloud] 1:[/out]] 
[36mINFO[0m[0002] Retrieving image manifest centos:7           
[36mINFO[0m[0003] Retrieving image manifest centos:7           
[36mINFO[0m[0003] Executing 0 build triggers                   
[36mINFO[0m[0003] Checking for cached layer gcr.io/build-**-prod/**labs-nos-master/build-**-prod/cache:2c8e8e50a56e6bbfa0e3b22dc81a1eb43b8752374b5dd2b34b968fbe77965e12... 
[36mINFO[0m[0003] Using caching version of cmd: RUN mkdir /out 
[36mINFO[0m[0003] Checking for cached layer gcr.io/build-**-prod/**labs-nos-master/build-**-prod/cache:824f84f69fafd45610998f1ab5890758c5e54cc48d6e86a283753007b2367aa0... 
[36mINFO[0m[0004] Using caching version of cmd: RUN curl -LO https://github.com/roboll/helmfile/releases/download/v${HELMFILE_VERSION}/helmfile_linux_amd64 &&   mv helmfile_linux_amd64 /out/helmfile &&   chmod +x /out/helmfile 
[36mINFO[0m[0004] Checking for cached layer gcr.io/build-**-prod/**labs-nos-master/build-**-prod/cache:55af263af3f04ac77686fce8ffe46fb624265d2225246655a25611fecb061dc6... 
[36mINFO[0m[0004] Using caching version of cmd: RUN curl -LO  https://storage.googleapis.com/kubernetes-release/release/v${KUBECTL_VERSION}/bin/linux/amd64/kubectl &&   mv kubectl /out/kubectl &&   chmod +x /out/kubectl 
[36mINFO[0m[0004] Checking for cached layer gcr.io/build-**-prod/**labs-nos-master/build-**-prod/cache:4f9c6f2e1101b8511ed3f028f08171c027e0c85222356b15177d43809e26f56c... 
[36mINFO[0m[0004] Using caching version of cmd: RUN curl -f -L https://get.helm.sh/helm-v${HELM3_VERSION}-linux-386.tar.gz | tar xzv &&   mv linux-386/helm /out/helm 
[36mINFO[0m[0004] Checking for cached layer gcr.io/build-**-prod/**labs-nos-master/build-**-prod/cache:9a683557b4a4dd3d5b78c457c7313c1cb9fc02543bc501b05439d723bb5be486... 
[36mINFO[0m[0005] Using caching version of cmd: RUN yum install -y curl-devel expat-devel gettext-devel openssl-devel zlib-devel &&     yum install -y gcc perl-ExtUtils-MakeMaker make 
[36mINFO[0m[0005] Checking for cached layer gcr.io/build-**-prod/**labs-nos-master/build-**-prod/cache:a785dd0133fba67ccf1f3af8a278a8fe312e58bebfd963b6ce588b3c68ea4a05... 
[36mINFO[0m[0005] Using caching version of cmd: RUN cd /usr/src  &&     curl -LO https://www.kernel.org/pub/software/scm/git/git-${GIT_VERSION}.tar.gz  &&     tar xzf git-${GIT_VERSION}.tar.gz  &&     cd git-${GIT_VERSION} &&     make prefix=/usr/local/git all  &&     make prefix=/usr/local/git install 
[36mINFO[0m[0005] Checking for cached layer gcr.io/build-**-prod/**labs-nos-master/build-**-prod/cache:f2800a87403ff8000e77098e8b179c93a4b0f10c0f5cfd98a32a6148b2dfff6c... 
[36mINFO[0m[0005] Using caching version of cmd: RUN curl https://dl.google.com/dl/cloudsdk/release/google-cloud-sdk.tar.gz > /tmp/google-cloud-sdk.tar.gz 
[36mINFO[0m[0005] Checking for cached layer gcr.io/build-**-prod/**labs-nos-master/build-**-prod/cache:32652dc19d1d36fcaf99efdebc1bb648e1cab843ae0d50273e860783c699f695... 
[36mINFO[0m[0006] Using caching version of cmd: RUN mkdir -p /usr/local/gcloud   && tar -C /usr/local/gcloud -xvf /tmp/google-cloud-sdk.tar.gz   && /usr/local/gcloud/google-cloud-sdk/install.sh &&   /usr/local/gcloud/google-cloud-sdk/bin/gcloud components install beta &&   /usr/local/gcloud/google-cloud-sdk/bin/gcloud components update 
[36mINFO[0m[0006] Checking for cached layer gcr.io/build-**-prod/**labs-nos-master/build-**-prod/cache:057a7ff20397b75cc6ab22c9ff9284827bd961a79149149ac7640552b15a6437... 
[36mINFO[0m[0006] Using caching version of cmd: RUN curl --silent --location --output /dev/stdout          https://get.pulumi.com/releases/sdk/pulumi-v${PULUMI_VERSION}-linux-x64.tar.gz |     tar --extract --file=/dev/stdin --directory=/out         --strip-components=1 --gunzip pulumi 
[36mINFO[0m[0006] Checking for cached layer gcr.io/build-**-prod/**labs-nos-master/build-**-prod/cache:9ae9a570c1e2b3ab5c3274fe38789e26241cf05fef733b3906ac405dc99c632c... 
[36mINFO[0m[0007] Using caching version of cmd: RUN curl --silent --location --output /dev/stdout     	 https://github.com/github/hub/releases/download/v${HUB_VERSION}/hub-linux-amd64-${HUB_VERSION}.tgz |     tar --extract --file=/dev/stdin --directory=/out         --strip-components=2 --gunzip hub-linux-amd64-${HUB_VERSION}/bin/hub 
[36mINFO[0m[0007] Checking for cached layer gcr.io/build-**-prod/**labs-nos-master/build-**-prod/cache:2cf928059f48e5528d6e3efd236b6f11fbaf35263e8726e15b1db3f95624a930... 
[36mINFO[0m[0007] Using caching version of cmd: RUN curl --silent --location --output /out/jq          https://github.com/stedolan/jq/releases/download/jq-${JQ_VERSION}/jq-linux64 &&     chmod +x /out/jq 
[36mINFO[0m[0007] Checking for cached layer gcr.io/build-**-prod/**labs-nos-master/build-**-prod/cache:905e60666c092aa1648b955f3435c64b7bb1e693b609243b8954f29bfa3402f1... 
[36mINFO[0m[0007] Using caching version of cmd: RUN curl --silent --location --output /out/yq          https://github.com/mikefarah/yq/releases/download/${YQ_VERSION}/yq_linux_amd64 &&     chmod +x /out/yq 
[36mINFO[0m[0016] RUN mkdir /out                               
[36mINFO[0m[0016] Found cached layer, extracting to filesystem 
[36mINFO[0m[0016] ENV HELMFILE_VERSION 0.114.0                 
[36mINFO[0m[0016] No files changed in this command, skipping snapshotting. 
[36mINFO[0m[0016] RUN curl -LO https://github.com/roboll/helmfile/releases/download/v${HELMFILE_VERSION}/helmfile_linux_amd64 &&   mv helmfile_linux_amd64 /out/helmfile &&   chmod +x /out/helmfile 
[36mINFO[0m[0016] Found cached layer, extracting to filesystem 
[36mINFO[0m[0017] ENV KUBECTL_VERSION 1.16.0                   
[36mINFO[0m[0017] No files changed in this command, skipping snapshotting. 
[36mINFO[0m[0017] RUN curl -LO  https://storage.googleapis.com/kubernetes-release/release/v${KUBECTL_VERSION}/bin/linux/amd64/kubectl &&   mv kubectl /out/kubectl &&   chmod +x /out/kubectl 
[36mINFO[0m[0017] Found cached layer, extracting to filesystem 
[36mINFO[0m[0019] ENV HELM3_VERSION 3.2.0                      
[36mINFO[0m[0019] No files changed in this command, skipping snapshotting. 
[36mINFO[0m[0019] RUN curl -f -L https://get.helm.sh/helm-v${HELM3_VERSION}-linux-386.tar.gz | tar xzv &&   mv linux-386/helm /out/helm 
[36mINFO[0m[0019] Found cached layer, extracting to filesystem 
[36mINFO[0m[0020] ENV GIT_VERSION 2.21.1                       
[36mINFO[0m[0020] No files changed in this command, skipping snapshotting. 
[36mINFO[0m[0020] RUN yum install -y curl-devel expat-devel gettext-devel openssl-devel zlib-devel &&     yum install -y gcc perl-ExtUtils-MakeMaker make 
[36mINFO[0m[0020] Found cached layer, extracting to filesystem 
[36mINFO[0m[0028] RUN cd /usr/src  &&     curl -LO https://www.kernel.org/pub/software/scm/git/git-${GIT_VERSION}.tar.gz  &&     tar xzf git-${GIT_VERSION}.tar.gz  &&     cd git-${GIT_VERSION} &&     make prefix=/usr/local/git all  &&     make prefix=/usr/local/git install 
[36mINFO[0m[0028] Found cached layer, extracting to filesystem 
[36mINFO[0m[0042] RUN curl https://dl.google.com/dl/cloudsdk/release/google-cloud-sdk.tar.gz > /tmp/google-cloud-sdk.tar.gz 
[36mINFO[0m[0042] Found cached layer, extracting to filesystem 
[36mINFO[0m[0042] RUN mkdir -p /usr/local/gcloud   && tar -C /usr/local/gcloud -xvf /tmp/google-cloud-sdk.tar.gz   && /usr/local/gcloud/google-cloud-sdk/install.sh &&   /usr/local/gcloud/google-cloud-sdk/bin/gcloud components install beta &&   /usr/local/gcloud/google-cloud-sdk/bin/gcloud components update 
[36mINFO[0m[0042] Found cached layer, extracting to filesystem 
[36mINFO[0m[0067] ARG PULUMI_VERSION=2.1.0                     
[36mINFO[0m[0067] No files changed in this command, skipping snapshotting. 
[36mINFO[0m[0067] RUN curl --silent --location --output /dev/stdout          https://get.pulumi.com/releases/sdk/pulumi-v${PULUMI_VERSION}-linux-x64.tar.gz |     tar --extract --file=/dev/stdin --directory=/out         --strip-components=1 --gunzip pulumi 
[36mINFO[0m[0067] Found cached layer, extracting to filesystem 
[36mINFO[0m[0070] ARG HUB_VERSION=2.14.2                       
[36mINFO[0m[0070] No files changed in this command, skipping snapshotting. 
[36mINFO[0m[0070] RUN curl --silent --location --output /dev/stdout     	 https://github.com/github/hub/releases/download/v${HUB_VERSION}/hub-linux-amd64-${HUB_VERSION}.tgz |     tar --extract --file=/dev/stdin --directory=/out         --strip-components=2 --gunzip hub-linux-amd64-${HUB_VERSION}/bin/hub 
[36mINFO[0m[0070] Found cached layer, extracting to filesystem 
[36mINFO[0m[0070] ARG JQ_VERSION=1.6                           
[36mINFO[0m[0070] No files changed in this command, skipping snapshotting. 
[36mINFO[0m[0070] RUN curl --silent --location --output /out/jq          https://github.com/stedolan/jq/releases/download/jq-${JQ_VERSION}/jq-linux64 &&     chmod +x /out/jq 
[36mINFO[0m[0070] Found cached layer, extracting to filesystem 
[36mINFO[0m[0071] ARG YQ_VERSION=3.3.0                         
[36mINFO[0m[0071] No files changed in this command, skipping snapshotting. 
[36mINFO[0m[0071] RUN curl --silent --location --output /out/yq          https://github.com/mikefarah/yq/releases/download/${YQ_VERSION}/yq_linux_amd64 &&     chmod +x /out/yq 
[36mINFO[0m[0071] Found cached layer, extracting to filesystem 
[36mINFO[0m[0071] Saving file usr/local/git for later use      
[36mINFO[0m[0075] Saving file usr/bin/make for later use       
[36mINFO[0m[0075] Saving file out for later use                
[36mINFO[0m[0096] Saving file usr/local/gcloud for later use   
[36mINFO[0m[0103] Deleting filesystem...                       
[36mINFO[0m[0105] Retrieving image manifest golang:1.12.17     
E0519 11:53:26.118341      11 metadata.go:154] while reading 'google-dockercfg' metadata: http status code: 404 while fetching url http://metadata.google.internal./computeMetadata/v1/instance/attributes/google-dockercfg
E0519 11:53:26.125373      11 metadata.go:166] while reading 'google-dockercfg-url' metadata: http status code: 404 while fetching url http://metadata.google.internal./computeMetadata/v1/instance/attributes/google-dockercfg-url
[36mINFO[0m[0106] Retrieving image manifest golang:1.12.17     
[36mINFO[0m[0106] Executing 0 build triggers                   
[36mINFO[0m[0106] Checking for cached layer gcr.io/build-**-prod/**labs-nos-master/build-**-prod/cache:57ddbbd32bad1d07da84c8e7a953e4a75b49dd80a11e739ad224c5823a80a897... 
[36mINFO[0m[0106] Using caching version of cmd: RUN mkdir /out 
[36mINFO[0m[0106] Checking for cached layer gcr.io/build-**-prod/**labs-nos-master/build-**-prod/cache:858aa023b709c26382676ecf7a9436107e32c6eef4130b513f5bd59a541280fc... 
[36mINFO[0m[0107] Using caching version of cmd: RUN mkdir -p /go/src/github.com/jenkins-x-labs 
[36mINFO[0m[0107] Checking for cached layer gcr.io/build-**-prod/**labs-nos-master/build-**-prod/cache:ae7687b67e20ae6b09b00a6901b27cdf76fbebe2f4f2aa8f5446cb589405181a... 
[36mINFO[0m[0107] Using caching version of cmd: RUN git clone https://github.com/jenkins-x/bdd-**.git &&   cd bdd-** &&   make testbin &&   mv build/bdd** /out/bdd** 
[36mINFO[0m[0107] Checking for cached layer gcr.io/build-**-prod/**labs-nos-master/build-**-prod/cache:03b7bd9ec36264113c7bf2d170f978ccd362051ca7bee80deb75db202e26ae60... 
[36mINFO[0m[0107] No cached layer found for cmd RUN git clone https://github.com/nxmatic/**labs-nos-**.git ** &&   cd ** &&   git checkout **labs-nos &&   make linux &&   mv build/linux/** /out/** 
[36mINFO[0m[0107] Unpacking rootfs as cmd RUN git clone https://github.com/nxmatic/**labs-nos-**.git ** &&   cd ** &&   git checkout **labs-nos &&   make linux &&   mv build/linux/** /out/** requires it. 
[36mINFO[0m[0124] RUN mkdir /out                               
[36mINFO[0m[0124] Found cached layer, extracting to filesystem 
[36mINFO[0m[0125] RUN mkdir -p /go/src/github.com/jenkins-x-labs 
[36mINFO[0m[0125] Found cached layer, extracting to filesystem 
[36mINFO[0m[0125] WORKDIR /go/src/github.com/jenkins-x-labs    
[36mINFO[0m[0125] cmd: workdir                                 
[36mINFO[0m[0125] Changed working directory to /go/src/github.com/jenkins-x-labs 
[36mINFO[0m[0125] No files changed in this command, skipping snapshotting. 
[36mINFO[0m[0125] RUN git clone https://github.com/jenkins-x/bdd-**.git &&   cd bdd-** &&   make testbin &&   mv build/bdd** /out/bdd** 
[36mINFO[0m[0125] Found cached layer, extracting to filesystem 
[36mINFO[0m[0179] RUN git clone https://github.com/nxmatic/**labs-nos-**.git ** &&   cd ** &&   git checkout **labs-nos &&   make linux &&   mv build/linux/** /out/** 
[36mINFO[0m[0179] Taking snapshot of full filesystem...        
[36mINFO[0m[0191] Resolving 115786 paths                       
[36mINFO[0m[0239] cmd: /bin/sh                                 
[36mINFO[0m[0239] args: [-c git clone https://github.com/nxmatic/**labs-nos-**.git ** &&   cd ** &&   git checkout **labs-nos &&   make linux &&   mv build/linux/** /out/**] 
[36mINFO[0m[0239] Running: [/bin/sh -c git clone https://github.com/nxmatic/**labs-nos-**.git ** &&   cd ** &&   git checkout **labs-nos &&   make linux &&   mv build/linux/** /out/**] 
Cloning into '**'...
Switched to a new branch '**labs-nos'
Branch '**labs-nos' set up to track remote branch '**labs-nos' from 'origin'.
CGO_ENABLED=0 GOOS=linux GOARCH=amd64 GO111MODULE=on go build -ldflags " -X github.com/jenkins-x/**/pkg/version.Version=2.1.39-**labs-nos-dev+b1594a27e -X github.com/jenkins-x/**/pkg/version.Revision='b1594a27e' -X github.com/jenkins-x/**/pkg/version.Branch='**labs-nos' -X github.com/jenkins-x/**/pkg/version.BuildDate='20200519-11:55:47' -X github.com/jenkins-x/**/pkg/version.GoVersion='1.12.17' """ -o build/linux/** cmd/**/**.go
go: finding github.com/subchen/go-xmldom v1.1.2-0.20171223153236-c38add8757d0
go: finding github.com/Azure/go-autorest v10.14.0+incompatible
go: finding github.com/antchfx/xpath v1.1.5
go: finding github.com/heptio/sonobuoy v0.16.0
go: finding github.com/markbates/inflect v1.0.4
go: finding github.com/go-openapi/loads v0.19.4
go: finding github.com/gobuffalo/envy v1.6.5
go: finding github.com/go-openapi/analysis v0.19.5
go: finding github.com/go-openapi/loads v0.19.0
go: finding github.com/joho/godotenv v1.3.0
go: finding github.com/go-openapi/strfmt v0.19.3
go: finding go.mongodb.org/mongo-driver v1.1.1
go: finding github.com/go-openapi/strfmt v0.17.0
go: finding github.com/go-openapi/analysis v0.0.0-20180825180245-b006789cd277
go: finding github.com/go-openapi/spec v0.17.0
go: finding github.com/go-openapi/errors v0.17.0
go: finding github.com/asaskevich/govalidator v0.0.0-20180720115003-f9ffefc3facf
go: finding github.com/globalsign/mgo v0.0.0-20180905125535-1ca0a4f7cbcb
go: finding go.mongodb.org/mongo-driver v1.0.3
go: finding github.com/go-openapi/errors v0.19.2
go: finding github.com/asaskevich/govalidator v0.0.0-20190424111038-f61b66f89f4a
go: downloading github.com/heptio/sonobuoy v0.16.0
go: downloading github.com/andygrunwald/go-jira v1.5.0
go: downloading github.com/rollout/rox-go v0.0.0-20181220111955-29ddae74a8c4
go: downloading github.com/IBM-Cloud/bluemix-go v0.0.0-20181008063305-d718d474c7c2
go: downloading github.com/emirpasic/gods v1.12.0
go: downloading github.com/json-iterator/go v1.1.5
go: extracting github.com/rollout/rox-go v0.0.0-20181220111955-29ddae74a8c4
go: downloading github.com/aws/aws-sdk-go v1.24.0
go: extracting github.com/emirpasic/gods v1.12.0
go: extracting github.com/json-iterator/go v1.1.5
go: extracting github.com/andygrunwald/go-jira v1.5.0
go: extracting github.com/IBM-Cloud/bluemix-go v0.0.0-20181008063305-d718d474c7c2
go: downloading gocloud.dev v0.9.0
go: downloading gopkg.in/robfig/cron.v2 v2.0.0-20150107220207-be2e0b0deed5
go: extracting gocloud.dev v0.9.0
go: extracting gopkg.in/robfig/cron.v2 v2.0.0-20150107220207-be2e0b0deed5
go: downloading github.com/awslabs/goformation v0.0.0-20190320125420-ac0a17860cf1
go: extracting github.com/awslabs/goformation v0.0.0-20190320125420-ac0a17860cf1
go: extracting github.com/heptio/sonobuoy v0.16.0
go: downloading github.com/Pallinder/go-randomdata v1.1.0
go: extracting github.com/Pallinder/go-randomdata v1.1.0
go: downloading github.com/subchen/go-xmldom v1.1.2-0.20171223153236-c38add8757d0
go: extracting github.com/subchen/go-xmldom v1.1.2-0.20171223153236-c38add8757d0
go: downloading github.com/antham/chyle v1.6.0
go: extracting github.com/antham/chyle v1.6.0
go: downloading github.com/mholt/archiver v3.1.1+incompatible
go: extracting github.com/mholt/archiver v3.1.1+incompatible
go: extracting github.com/aws/aws-sdk-go v1.24.0
go: downloading github.com/sergi/go-diff v1.0.0
go: downloading github.com/nlopes/slack v0.0.0-20180721202243-347a74b1ea30
go: downloading github.com/sanathkr/yaml v0.0.0-20170819201035-0056894fa522
go: downloading github.com/gorilla/sessions v1.1.3
go: downloading github.com/Azure/draft v0.15.0
go: downloading github.com/google/go-cmp v0.3.0
go: downloading github.com/russross/blackfriday v1.5.2
go: downloading google.golang.org/api v0.0.0-20181021000519-a2651947f503
go: downloading github.com/dsnet/compress v0.0.0-20171208185109-cc9eb1d7ad76
go: extracting github.com/sanathkr/yaml v0.0.0-20170819201035-0056894fa522
go: downloading github.com/briandowns/spinner v1.7.0
go: extracting github.com/sergi/go-diff v1.0.0
go: downloading google.golang.org/grpc v1.20.1
go: extracting github.com/gorilla/sessions v1.1.3
go: downloading github.com/google/wire v0.2.0
go: extracting github.com/google/go-cmp v0.3.0
go: downloading github.com/sanathkr/go-yaml v0.0.0-20170819195128-ed9d249f429b
go: extracting github.com/nlopes/slack v0.0.0-20180721202243-347a74b1ea30
go: downloading github.com/nwaples/rardecode v1.0.0
go: extracting github.com/russross/blackfriday v1.5.2
go: downloading github.com/golang/snappy v0.0.0-20170215233205-553a64147049
go: extracting github.com/nwaples/rardecode v1.0.0
go: extracting github.com/sanathkr/go-yaml v0.0.0-20170819195128-ed9d249f429b
go: extracting github.com/golang/snappy v0.0.0-20170215233205-553a64147049
go: extracting github.com/google/wire v0.2.0
go: downloading github.com/xi2/xz v0.0.0-20171230120015-48954b6210f8
go: downloading gopkg.in/src-d/go-billy.v4 v4.3.2
go: downloading github.com/shurcooL/githubv4 v0.0.0-20180925043049-51d7b505e2e9
go: extracting github.com/shurcooL/githubv4 v0.0.0-20180925043049-51d7b505e2e9
go: downloading github.com/gorilla/securecookie v1.1.1
go: extracting github.com/gorilla/securecookie v1.1.1
go: downloading github.com/shurcooL/graphql v0.0.0-20180924043259-e4a3a37e6d42
go: extracting github.com/shurcooL/graphql v0.0.0-20180924043259-e4a3a37e6d42
go: downloading github.com/trivago/tgo v1.0.1
go: extracting github.com/briandowns/spinner v1.7.0
go: downloading github.com/prometheus/client_golang v0.9.2
go: extracting github.com/xi2/xz v0.0.0-20171230120015-48954b6210f8
go: downloading github.com/iancoleman/orderedmap v0.0.0-20181121102841-22c6ecc9fe13
go: extracting github.com/trivago/tgo v1.0.1
go: extracting github.com/iancoleman/orderedmap v0.0.0-20181121102841-22c6ecc9fe13
go: downloading github.com/Azure/azure-pipeline-go v0.1.8
go: extracting github.com/Azure/azure-pipeline-go v0.1.8
go: extracting github.com/prometheus/client_golang v0.9.2
go: downloading github.com/antchfx/xpath v1.1.5
go: extracting google.golang.org/grpc v1.20.1
go: extracting github.com/antchfx/xpath v1.1.5
go: downloading github.com/pkg/browser v0.0.0-20170505125900-c90ca0c84f15
go: extracting gopkg.in/src-d/go-billy.v4 v4.3.2
go: downloading cloud.google.com/go v0.34.0
go: extracting github.com/pkg/browser v0.0.0-20170505125900-c90ca0c84f15
go: downloading github.com/prometheus/procfs v0.0.0-20181204211112-1dc9a6cbc91a
go: downloading github.com/xanzy/ssh-agent v0.2.1
go: extracting github.com/prometheus/procfs v0.0.0-20181204211112-1dc9a6cbc91a
go: downloading golang.org/x/time v0.0.0-20181108054448-85acf8d2951c
go: extracting github.com/xanzy/ssh-agent v0.2.1
go: downloading github.com/MakeNowJust/heredoc v0.0.0-20171113091838-e9091a26100e
go: extracting github.com/MakeNowJust/heredoc v0.0.0-20171113091838-e9091a26100e
go: downloading github.com/denormal/go-gitignore v0.0.0-20180713143441-75ce8f3e513c
go: extracting golang.org/x/time v0.0.0-20181108054448-85acf8d2951c
go: downloading github.com/shurcooL/go v0.0.0-20180423040247-9e1955d9fb6e
go: extracting github.com/denormal/go-gitignore v0.0.0-20180713143441-75ce8f3e513c
go: downloading github.com/beorn7/perks v0.0.0-20180321164747-3a771d992973
go: extracting github.com/shurcooL/go v0.0.0-20180423040247-9e1955d9fb6e
go: downloading github.com/jmespath/go-jmespath v0.0.0-20180206201540-c2b33e8439af
go: extracting github.com/beorn7/perks v0.0.0-20180321164747-3a771d992973
go: downloading github.com/prometheus/common v0.0.0-20181126121408-4724e9255275
go: extracting github.com/Azure/draft v0.15.0
go: extracting github.com/prometheus/common v0.0.0-20181126121408-4724e9255275
go: downloading github.com/kevinburke/ssh_config v0.0.0-20190725054713-01f96b0aa0cd
go: extracting github.com/jmespath/go-jmespath v0.0.0-20180206201540-c2b33e8439af
go: extracting github.com/kevinburke/ssh_config v0.0.0-20190725054713-01f96b0aa0cd
go: downloading google.golang.org/genproto v0.0.0-20190425155659-357c62f0e4bb
go: downloading golang.org/x/sync v0.0.0-20190423024810-112230192c58
go: downloading github.com/chromedp/chromedp v0.1.1
go: downloading github.com/mitchellh/go-homedir v1.1.0
go: downloading github.com/Comcast/kuberhealthy v1.0.2
go: extracting github.com/mitchellh/go-homedir v1.1.0
go: downloading github.com/gorilla/websocket v1.4.0
go: extracting github.com/chromedp/chromedp v0.1.1
go: downloading github.com/chromedp/cdproto v0.0.0-20180720050708-57cf4773008d
go: extracting golang.org/x/sync v0.0.0-20190423024810-112230192c58
go: downloading github.com/alexflint/go-filemutex v0.0.0-20171028004239-d358565f3c3f
go: extracting github.com/Comcast/kuberhealthy v1.0.2
go: extracting github.com/alexflint/go-filemutex v0.0.0-20171028004239-d358565f3c3f
go: extracting github.com/gorilla/websocket v1.4.0
go: extracting github.com/chromedp/cdproto v0.0.0-20180720050708-57cf4773008d
go: downloading github.com/rollout/sse v0.0.0-20181105093643-e422b54b3b28
go: downloading github.com/disintegration/imaging v1.4.2
go: downloading github.com/go-errors/errors v1.0.1
go: downloading github.com/jbenet/go-context v0.0.0-20150711004518-d14ea06fba99
go: extracting github.com/go-errors/errors v1.0.1
go: downloading github.com/gorilla/context v1.1.1
go: extracting github.com/rollout/sse v0.0.0-20181105093643-e422b54b3b28
go: extracting github.com/jbenet/go-context v0.0.0-20150711004518-d14ea06fba99
go: extracting github.com/gorilla/context v1.1.1
go: downloading github.com/matttproud/golang_protobuf_extensions v1.0.1
go: downloading github.com/jenkins-x/draft-repo v0.0.0-20180417100212-2f66cc518135
go: extracting github.com/matttproud/golang_protobuf_extensions v1.0.1
go: downloading github.com/danwakefield/fnmatch v0.0.0-20160403171240-cbb64ac3d964
go: extracting github.com/danwakefield/fnmatch v0.0.0-20160403171240-cbb64ac3d964
go: downloading github.com/Azure/go-autorest v10.14.0+incompatible
go: extracting github.com/disintegration/imaging v1.4.2
go: downloading github.com/gophercloud/gophercloud v0.0.0-20181215224939-bdd8b1ecd793
go: extracting github.com/Azure/go-autorest v10.14.0+incompatible
go: downloading github.com/Azure/azure-storage-blob-go v0.0.0-20181023070848-cf01652132cc
go: extracting github.com/Azure/azure-storage-blob-go v0.0.0-20181023070848-cf01652132cc
go: extracting cloud.google.com/go v0.34.0
go: downloading go.opencensus.io v0.22.2
go: downloading golang.org/x/image v0.0.0-20190227222117-0694c2d4d067
go: extracting go.opencensus.io v0.22.2
go: downloading github.com/golang/groupcache v0.0.0-20190702054246-869f871628b6
go: extracting github.com/golang/groupcache v0.0.0-20190702054246-869f871628b6
go: downloading github.com/knq/sysutil v0.0.0-20180306023629-0218e141a794
go: extracting github.com/gophercloud/gophercloud v0.0.0-20181215224939-bdd8b1ecd793
go: extracting github.com/knq/sysutil v0.0.0-20180306023629-0218e141a794
go: downloading github.com/prometheus/client_model v0.0.0-20180712105110-5c3871d89910
go: extracting github.com/dsnet/compress v0.0.0-20171208185109-cc9eb1d7ad76
go: extracting github.com/prometheus/client_model v0.0.0-20180712105110-5c3871d89910
go: downloading gopkg.in/cenkalti/backoff.v1 v1.1.0
go: downloading github.com/cpuguy83/go-md2man v1.0.10
go: downloading github.com/jbrukh/bayesian v0.0.0-20161210175230-bf3f261f9a9c
go: extracting github.com/jbrukh/bayesian v0.0.0-20161210175230-bf3f261f9a9c
go: downloading github.com/ulikunitz/xz v0.5.6
go: extracting github.com/cpuguy83/go-md2man v1.0.10
go: extracting github.com/jenkins-x/draft-repo v0.0.0-20180417100212-2f66cc518135
go: extracting github.com/ulikunitz/xz v0.5.6
go: extracting gopkg.in/cenkalti/backoff.v1 v1.1.0
go: extracting google.golang.org/api v0.0.0-20181021000519-a2651947f503
go: extracting golang.org/x/image v0.0.0-20190227222117-0694c2d4d067
go: downloading github.com/googleapis/gax-go v2.0.0+incompatible
go: extracting google.golang.org/genproto v0.0.0-20190425155659-357c62f0e4bb
go: extracting github.com/googleapis/gax-go v2.0.0+incompatible
chmod +x build/linux/**
[36mINFO[0m[0402] Taking snapshot of full filesystem...        
[36mINFO[0m[0432] Resolving 144019 paths                       
[36mINFO[0m[0495] Pushing layer gcr.io/build-**-prod/**labs-nos-master/build-**-prod/cache:03b7bd9ec36264113c7bf2d170f978ccd362051ca7bee80deb75db202e26ae60 to cache now 
[36mINFO[0m[0548] Saving file out for later use                
[36mINFO[0m[0549] Deleting filesystem...                       
[36mINFO[0m[0560] Retrieving image manifest centos:7           
E0519 12:01:00.478984      11 metadata.go:154] while reading 'google-dockercfg' metadata: http status code: 404 while fetching url http://metadata.google.internal./computeMetadata/v1/instance/attributes/google-dockercfg
E0519 12:01:00.485177      11 metadata.go:166] while reading 'google-dockercfg-url' metadata: http status code: 404 while fetching url http://metadata.google.internal./computeMetadata/v1/instance/attributes/google-dockercfg-url
[36mINFO[0m[0560] Retrieving image manifest centos:7           
[36mINFO[0m[0561] Executing 0 build triggers                   
[36mINFO[0m[0561] Checking for cached layer gcr.io/build-**-prod/**labs-nos-master/build-**-prod/cache:119398aa9f4628950ffeb882f7f5d99ecff7a8d1c03056107b0d97ee207b1ead... 
[36mINFO[0m[0561] No cached layer found for cmd COPY --from=0 /usr/local/git /usr/local/git 
[36mINFO[0m[0561] Unpacking rootfs as cmd COPY --from=0 /usr/local/git /usr/local/git requires it. 
[36mINFO[0m[0569] COPY --from=0 /usr/local/git /usr/local/git  
[36mINFO[0m[1000] Resolving 380 paths                          
[36mINFO[0m[1000] Taking snapshot of files...                  
[36mINFO[0m[1082] Pushing layer gcr.io/build-**-prod/**labs-nos-master/build-**-prod/cache:119398aa9f4628950ffeb882f7f5d99ecff7a8d1c03056107b0d97ee207b1ead to cache now 
[36mINFO[0m[1082] COPY --from=0 /usr/bin/make /usr/bin/make    
[36mINFO[0m[1082] Resolving 1 paths                            
[36mINFO[0m[1082] Taking snapshot of files...                  
[36mINFO[0m[1082] COPY --from=0 /out /usr/local/bin            
[36mINFO[0m[1082] Pushing layer gcr.io/build-**-prod/**labs-nos-master/build-**-prod/cache:42a33ffb15c09b02042bc5f5d8377346002599a978fde0f0b92bd8f7184479d4 to cache now 
[36mINFO[0m[1178] Resolving 17 paths                           
[36mINFO[0m[1178] Taking snapshot of files...                  
[36mINFO[0m[1187] COPY --from=1 /out /usr/local/bin            
[36mINFO[0m[1187] Pushing layer gcr.io/build-**-prod/**labs-nos-master/build-**-prod/cache:c8442789aae07e28b79c8fb73ab6b4314467c75fdf3c05bed820273d7a45f65d to cache now 
[31m
Pipeline failed on stage 'from-build-pack' : container 'step-build-container-build'. The execution of the pipeline has stopped.[0m
