
Showing logs for build [32mnuxeo-jxlabs-nos-jxl-base-image-gdnrl-7[0m stage [32mfrom-build-pack[0m and container [32mstep-credential-initializer-q6dzd[0m
{"level":"info","ts":1590995619.924623,"logger":"fallback-logger","caller":"logging/config.go:69","msg":"Fetch GitHub commit ID from kodata failed: open /var/run/ko/refs/heads/0.8.0-ns-support: no such file or directory"}
{"level":"info","ts":1590995619.9271564,"logger":"fallback-logger","caller":"creds-init/main.go:40","msg":"Credentials initialized."}

Showing logs for build [32mnuxeo-jxlabs-nos-jxl-base-image-gdnrl-7[0m stage [32mfrom-build-pack[0m and container [32mstep-working-dir-initializer-trnf2[0m
{"level":"info","ts":1590995620.9141555,"logger":"fallback-logger","caller":"logging/config.go:69","msg":"Fetch GitHub commit ID from kodata failed: open /var/run/ko/HEAD: no such file or directory"}
{"level":"info","ts":1590995620.915929,"logger":"fallback-logger","caller":"bash/main.go:64","msg":"Successfully executed command \"sh -c mkdir -p /workspace/source\"; output "}

Showing logs for build [32mnuxeo-jxlabs-nos-jxl-base-image-gdnrl-7[0m stage [32mfrom-build-pack[0m and container [32mstep-place-tools[0m

Showing logs for build [32mnuxeo-jxlabs-nos-jxl-base-image-gdnrl-7[0m stage [32mfrom-build-pack[0m and container [32mstep-git-source-nuxeo-jxlabs-nos-jxl-base-image-gdnrl-5d8sw[0m
{"level":"info","ts":1590995714.0177844,"logger":"fallback-logger","caller":"logging/config.go:69","msg":"Fetch GitHub commit ID from kodata failed: open /var/run/ko/refs/heads/0.8.0-ns-support: no such file or directory"}
{"level":"info","ts":1590995714.3238842,"logger":"fallback-logger","caller":"git/git.go:103","msg":"Successfully cloned https://github.com/nuxeo/**labs-nos-**l-base-image.git @ v0.1.57-**labs-nos in path /workspace/source"}

Showing logs for build [32mnuxeo-jxlabs-nos-jxl-base-image-gdnrl-7[0m stage [32mfrom-build-pack[0m and container [32mstep-git-merge[0m
Using SHAs from PULL_REFS=master:32625ccb9fc1007b2974e1fae49678fec4719b61
WARNING: no SHAs to merge, falling back to initial cloned commit

Showing logs for build [32mnuxeo-jxlabs-nos-jxl-base-image-gdnrl-7[0m stage [32mfrom-build-pack[0m and container [32mstep-setup-jx-git-credentials[0m
Generated Git credentials file /workspace/xdg_config/git/credentials

Showing logs for build [32mnuxeo-jxlabs-nos-jxl-base-image-gdnrl-7[0m stage [32mfrom-build-pack[0m and container [32mstep-build-container-build[0m
E0601 07:15:18.113727      10 aws_credentials.go:77] while getting AWS credentials NoCredentialProviders: no valid providers in chain. Deprecated.
	For verbose messaging see aws.Config.CredentialsChainVerboseErrors
error checking push permissions -- make sure you entered the correct tag name, and that you are authenticated correctly, and try again: checking push permission for "gcr.io/build-**-prod/**labs-nos-master/build-**-prod/**labs-nos-**l-base-image:0.1.57-**labs-nos": creating push check transport for gcr.io failed: GET https://gcr.io/v2/token?scope=repository%3Abuild-**-prod%2F**labs-nos-master%2Fbuild-**-prod%2F**labs-nos-**l-base-image%3Apush%2Cpull&service=gcr.io: DENIED: Token exchange failed for project 'build-**-prod'. Caller does not have permission 'storage.buckets.get'. To configure permissions, follow instructions at: https://cloud.google.com/container-registry/docs/access-control
[31m
Pipeline failed on stage 'from-build-pack' : container 'step-build-container-build'. The execution of the pipeline has stopped.[0m
